<?xml version="1.0" encoding="UTF-8"?>
<testng-results skipped="0" failed="0" total="1" passed="1">
  <reporter-output>
  </reporter-output>
  <suite name="Suite" duration-ms="11200" started-at="2020-08-05T13:55:16Z" finished-at="2020-08-05T13:55:28Z">
    <groups>
    </groups>
    <test name="Test" duration-ms="11200" started-at="2020-08-05T13:55:16Z" finished-at="2020-08-05T13:55:28Z">
      <class name="testcases.VerifyHomePage">
        <test-method status="PASS" signature="setData()[pri:0, instance:testcases.VerifyHomePage@345965f2]" name="setData" is-config="true" duration-ms="16" started-at="2020-08-05T19:25:16Z" finished-at="2020-08-05T19:25:16Z">
          <reporter-output>
          </reporter-output>
        </test-method> <!-- setData -->
        <test-method status="PASS" signature="startApp()[pri:0, instance:testcases.VerifyHomePage@345965f2]" name="startApp" is-config="true" duration-ms="11178" started-at="2020-08-05T19:25:16Z" finished-at="2020-08-05T19:25:28Z">
          <reporter-output>
          </reporter-output>
        </test-method> <!-- startApp -->
        <test-method status="PASS" signature="runVerification()[pri:0, instance:testcases.VerifyHomePage@345965f2]" name="runVerification" duration-ms="0" started-at="2020-08-05T19:25:28Z" finished-at="2020-08-05T19:25:28Z">
          <reporter-output>
          </reporter-output>
        </test-method> <!-- runVerification -->
        <test-method status="PASS" signature="closeBrowser()[pri:0, instance:testcases.VerifyHomePage@345965f2]" name="closeBrowser" is-config="true" duration-ms="0" started-at="2020-08-05T19:25:28Z" finished-at="2020-08-05T19:25:28Z">
          <reporter-output>
          </reporter-output>
        </test-method> <!-- closeBrowser -->
      </class> <!-- testcases.VerifyHomePage -->
    </test> <!-- Test -->
  </suite> <!-- Suite -->
</testng-results>
