<?xml version="1.0" encoding="UTF-8"?>
<testng-results skipped="0" failed="0" total="1" passed="1">
  <reporter-output>
  </reporter-output>
  <suite name="Suite" duration-ms="28165" started-at="2020-08-05T13:49:14Z" finished-at="2020-08-05T13:49:42Z">
    <groups>
    </groups>
    <test name="Test" duration-ms="28165" started-at="2020-08-05T13:49:14Z" finished-at="2020-08-05T13:49:42Z">
      <class name="testcases.VerifyHomePage">
        <test-method status="PASS" signature="setData()[pri:0, instance:testcases.VerifyHomePage@16278d]" name="setData" is-config="true" duration-ms="0" started-at="2020-08-05T19:19:14Z" finished-at="2020-08-05T19:19:14Z">
          <reporter-output>
          </reporter-output>
        </test-method> <!-- setData -->
        <test-method status="PASS" signature="startApp()[pri:0, instance:testcases.VerifyHomePage@16278d]" name="startApp" is-config="true" duration-ms="26463" started-at="2020-08-05T19:19:14Z" finished-at="2020-08-05T19:19:41Z">
          <reporter-output>
          </reporter-output>
        </test-method> <!-- startApp -->
        <test-method status="PASS" signature="runVerification()[pri:0, instance:testcases.VerifyHomePage@16278d]" name="runVerification" duration-ms="20" started-at="2020-08-05T19:19:41Z" finished-at="2020-08-05T19:19:41Z">
          <reporter-output>
          </reporter-output>
        </test-method> <!-- runVerification -->
        <test-method status="PASS" signature="closeBrowser()[pri:0, instance:testcases.VerifyHomePage@16278d]" name="closeBrowser" is-config="true" duration-ms="1650" started-at="2020-08-05T19:19:41Z" finished-at="2020-08-05T19:19:42Z">
          <reporter-output>
          </reporter-output>
        </test-method> <!-- closeBrowser -->
      </class> <!-- testcases.VerifyHomePage -->
    </test> <!-- Test -->
  </suite> <!-- Suite -->
</testng-results>
